[2023-11-05 20:49:23.768] [pxr_streamer] [info] ***********  Log Begin **********
[2023-11-05 20:49:23.768] [pxr_streamer] [info] process id= 34152
[2023-11-05 20:49:23.768] [pxr_streamer] [info] [34152|36828]driver_impl.cpp:22 DriverImpl: Driver created, this= 0x203e66fb990
[2023-11-05 20:49:23.768] [pxr_streamer] [debug] [34152|36828]streaming_driver_interface_impl.cpp:20 StreamingDriverInterfaceImpl: callback= 0x202cb5e7eb0, this= 0x203226387d0
[2023-11-05 20:49:23.768] [pxr_streamer] [debug] [34152|36828]streaming_driver_interface_impl.cpp:117 SetTrackingOrigin: tracking origin= Undefined, this= 0x203226387d0
[2023-11-05 20:49:23.768] [pxr_streamer] [error] [34152|36828]streaming_driver_interface_impl.cpp:119 SetTrackingOrigin: "not connected", connect_state_ != DriverConnectState::kRpcConnected, this= 0x203226387d0
[2023-11-05 20:49:23.768] [pxr_streamer] [info] [34152|36828]streaming_driver_interface_impl.cpp:39 ConnectToService: connect to service, this= 0x203226387d0
[2023-11-05 20:49:23.768] [pxr_streamer] [debug] [34152|16424]streaming_driver_interface_impl.cpp:343 InvokeConnectToService: connect to service, this= 0x203226387d0
[2023-11-05 20:49:23.768] [pxr_streamer] [debug] [34152|16424]transport_client_tcp2.cpp:33 Start: buffer size(send\recv): 1048576\1048576, this= 0x202d353dca0
[2023-11-05 20:49:23.768] [pxr_streamer] [info] [34152|16424]transport_client_tcp2.cpp:58 Start: server= 127.0.0.1:29000, local=0.0.0.0:0, this= 0x202d353dca0
[2023-11-05 20:49:25.824] [pxr_streamer] [error] [34152|38520]transport_client_tcp2.cpp:145 HandleConnect: connected error= No connection could be made because the target machine actively refused it., this= 0x202d353dca0
[2023-11-05 20:49:25.824] [pxr_streamer] [info] [34152|38520]streaming_driver_interface_impl.cpp:141 NotifyConnectResult: connect to service, result= 10061, this= 0x203226387d0
[2023-11-05 20:49:25.825] [pxr_streamer] [error] [34152|16424]streaming_driver_interface_impl.cpp:438 HandleTransportConnect: connect to service error= 10061, this= 0x203226387d0
[2023-11-05 20:51:05.879] [pxr_streamer] [info] [34152|36828]driver_impl.cpp:22 DriverImpl: Driver created, this= 0x203f09c1920
[2023-11-05 20:51:05.879] [pxr_streamer] [debug] [34152|36828]streaming_driver_interface_impl.cpp:20 StreamingDriverInterfaceImpl: callback= 0x202cb5e86d0, this= 0x202c8667650
[2023-11-05 20:51:05.879] [pxr_streamer] [debug] [34152|36828]streaming_driver_interface_impl.cpp:27 ~StreamingDriverInterfaceImpl: called, this= 0x203226387d0
[2023-11-05 20:51:05.879] [pxr_streamer] [info] [34152|36828]driver_impl.cpp:27 ~DriverImpl: Driver destroyed, this= 0x203e66fb990
[2023-11-05 20:51:05.879] [pxr_streamer] [debug] [34152|36828]transport_client_tcp2.cpp:73 Stop: called, this= 0x202d353dca0
[2023-11-05 20:51:05.880] [pxr_streamer] [debug] [34152|36828]streaming_driver_interface_impl.cpp:117 SetTrackingOrigin: tracking origin= FloorLevel, this= 0x202c8667650
[2023-11-05 20:51:05.880] [pxr_streamer] [error] [34152|36828]streaming_driver_interface_impl.cpp:119 SetTrackingOrigin: "not connected", connect_state_ != DriverConnectState::kRpcConnected, this= 0x202c8667650
[2023-11-05 20:51:05.880] [pxr_streamer] [info] [34152|36828]streaming_driver_interface_impl.cpp:39 ConnectToService: connect to service, this= 0x202c8667650
[2023-11-05 20:51:05.880] [pxr_streamer] [debug] [34152|40652]streaming_driver_interface_impl.cpp:343 InvokeConnectToService: connect to service, this= 0x202c8667650
[2023-11-05 20:51:05.881] [pxr_streamer] [debug] [34152|40652]transport_client_tcp2.cpp:33 Start: buffer size(send\recv): 1048576\1048576, this= 0x202d353cba0
[2023-11-05 20:51:05.881] [pxr_streamer] [info] [34152|40652]transport_client_tcp2.cpp:58 Start: server= 127.0.0.1:29000, local=0.0.0.0:0, this= 0x202d353cba0
[2023-11-05 20:51:07.906] [pxr_streamer] [error] [34152|11248]transport_client_tcp2.cpp:145 HandleConnect: connected error= No connection could be made because the target machine actively refused it., this= 0x202d353cba0
[2023-11-05 20:51:07.906] [pxr_streamer] [info] [34152|11248]streaming_driver_interface_impl.cpp:141 NotifyConnectResult: connect to service, result= 10061, this= 0x202c8667650
[2023-11-05 20:51:07.906] [pxr_streamer] [error] [34152|40652]streaming_driver_interface_impl.cpp:438 HandleTransportConnect: connect to service error= 10061, this= 0x202c8667650
[2023-11-05 20:52:23.417] [pxr_streamer] [info] [34152|36828]driver_impl.cpp:22 DriverImpl: Driver created, this= 0x203e66fc950
[2023-11-05 20:52:23.417] [pxr_streamer] [debug] [34152|36828]streaming_driver_interface_impl.cpp:20 StreamingDriverInterfaceImpl: callback= 0x203219eba80, this= 0x202c8667fb0
[2023-11-05 20:52:23.417] [pxr_streamer] [debug] [34152|36828]streaming_driver_interface_impl.cpp:27 ~StreamingDriverInterfaceImpl: called, this= 0x202c8667650
[2023-11-05 20:52:23.417] [pxr_streamer] [info] [34152|36828]driver_impl.cpp:27 ~DriverImpl: Driver destroyed, this= 0x203f09c1920
[2023-11-05 20:52:23.417] [pxr_streamer] [debug] [34152|36828]transport_client_tcp2.cpp:73 Stop: called, this= 0x202d353cba0
[2023-11-05 20:52:23.418] [pxr_streamer] [debug] [34152|36828]streaming_driver_interface_impl.cpp:117 SetTrackingOrigin: tracking origin= FloorLevel, this= 0x202c8667fb0
[2023-11-05 20:52:23.418] [pxr_streamer] [error] [34152|36828]streaming_driver_interface_impl.cpp:119 SetTrackingOrigin: "not connected", connect_state_ != DriverConnectState::kRpcConnected, this= 0x202c8667fb0
[2023-11-05 20:52:23.418] [pxr_streamer] [info] [34152|36828]streaming_driver_interface_impl.cpp:39 ConnectToService: connect to service, this= 0x202c8667fb0
[2023-11-05 20:52:23.418] [pxr_streamer] [debug] [34152|22812]streaming_driver_interface_impl.cpp:343 InvokeConnectToService: connect to service, this= 0x202c8667fb0
[2023-11-05 20:52:23.418] [pxr_streamer] [debug] [34152|22812]transport_client_tcp2.cpp:33 Start: buffer size(send\recv): 1048576\1048576, this= 0x20320772820
[2023-11-05 20:52:23.418] [pxr_streamer] [info] [34152|22812]transport_client_tcp2.cpp:58 Start: server= 127.0.0.1:29000, local=0.0.0.0:0, this= 0x20320772820
[2023-11-05 20:52:25.437] [pxr_streamer] [error] [34152|20596]transport_client_tcp2.cpp:145 HandleConnect: connected error= No connection could be made because the target machine actively refused it., this= 0x20320772820
[2023-11-05 20:52:25.437] [pxr_streamer] [info] [34152|20596]streaming_driver_interface_impl.cpp:141 NotifyConnectResult: connect to service, result= 10061, this= 0x202c8667fb0
[2023-11-05 20:52:25.437] [pxr_streamer] [error] [34152|22812]streaming_driver_interface_impl.cpp:438 HandleTransportConnect: connect to service error= 10061, this= 0x202c8667fb0
[2023-11-05 21:01:14.922] [pxr_streamer] [info] ***********  Log Begin **********
[2023-11-05 21:01:14.922] [pxr_streamer] [info] process id= 40308
[2023-11-05 21:01:14.922] [pxr_streamer] [info] [40308|40096]driver_impl.cpp:22 DriverImpl: Driver created, this= 0x18884c01210
[2023-11-05 21:01:14.922] [pxr_streamer] [debug] [40308|40096]streaming_driver_interface_impl.cpp:20 StreamingDriverInterfaceImpl: callback= 0x18888164ed0, this= 0x187dad28670
[2023-11-05 21:01:14.922] [pxr_streamer] [debug] [40308|40096]streaming_driver_interface_impl.cpp:117 SetTrackingOrigin: tracking origin= Undefined, this= 0x187dad28670
[2023-11-05 21:01:14.922] [pxr_streamer] [error] [40308|40096]streaming_driver_interface_impl.cpp:119 SetTrackingOrigin: "not connected", connect_state_ != DriverConnectState::kRpcConnected, this= 0x187dad28670
[2023-11-05 21:01:14.922] [pxr_streamer] [info] [40308|40096]streaming_driver_interface_impl.cpp:39 ConnectToService: connect to service, this= 0x187dad28670
[2023-11-05 21:01:14.922] [pxr_streamer] [debug] [40308|23200]streaming_driver_interface_impl.cpp:343 InvokeConnectToService: connect to service, this= 0x187dad28670
[2023-11-05 21:01:14.922] [pxr_streamer] [debug] [40308|23200]transport_client_tcp2.cpp:33 Start: buffer size(send\recv): 1048576\1048576, this= 0x188870ab620
[2023-11-05 21:01:14.922] [pxr_streamer] [info] [40308|23200]transport_client_tcp2.cpp:58 Start: server= 127.0.0.1:29000, local=0.0.0.0:0, this= 0x188870ab620
[2023-11-05 21:01:16.944] [pxr_streamer] [error] [40308|19040]transport_client_tcp2.cpp:145 HandleConnect: connected error= No connection could be made because the target machine actively refused it., this= 0x188870ab620
[2023-11-05 21:01:16.944] [pxr_streamer] [info] [40308|19040]streaming_driver_interface_impl.cpp:141 NotifyConnectResult: connect to service, result= 10061, this= 0x187dad28670
[2023-11-05 21:01:16.944] [pxr_streamer] [error] [40308|23200]streaming_driver_interface_impl.cpp:438 HandleTransportConnect: connect to service error= 10061, this= 0x187dad28670
